#
# There is insufficient memory for the Java Runtime Environment to continue.
# Native memory allocation (mmap) failed to map 132120576 bytes for Failed to commit area from 0x0000000083800000 to 0x000000008b600000 of length 132120576.
# Possible reasons:
#   The system is out of physical RAM or swap space
#   The process is running with CompressedOops enabled, and the Java Heap may be blocking the growth of the native heap
# Possible solutions:
#   Reduce memory load on the system
#   Increase physical memory or swap space
#   Check if swap backing store is full
#   Decrease Java heap size (-Xmx/-Xms)
#   Decrease number of Java threads
#   Decrease Java thread stack sizes (-Xss)
#   Set larger code cache with -XX:ReservedCodeCacheSize=
# This output file may be truncated or incomplete.
#
#  Out of Memory Error (t:/workspace/open/src/hotspot/os/windows/os_windows.cpp:3269), pid=78396, tid=62964
#
# JRE version:  (11.0+28) (build )
# Java VM: Java HotSpot(TM) 64-Bit Server VM (11+28, mixed mode, aot, sharing, tiered, compressed oops, g1 gc, windows-amd64)
# No core dump will be written. Minidumps are not enabled by default on client versions of Windows
#

---------------  S U M M A R Y ------------

Command Line: org.jetbrains.kotlin.cli.jvm.K2JVMCompiler @C:\Users\arikaran\Documents\React native\Remote\node_modules\react-native-pager-view\android\build\20230227_13668524582695329040.compiler.options

Host: Intel(R) Core(TM) i5-8265U CPU @ 1.60GHz, 8 cores, 7G,  Windows 10 , 64 bit Build 19041 (10.0.19041.2546)
Time: Mon Feb 27 16:44:18 2023 India Standard Time elapsed time: 0 seconds (0d 0h 0m 0s)

---------------  T H R E A D  ---------------

Current thread (0x000001e346751000):  JavaThread "Unknown thread" [_thread_in_vm, id=62964, stack(0x0000009920b00000,0x0000009920c00000)]

Stack: [0x0000009920b00000,0x0000009920c00000]
Native frames: (J=compiled Java code, j=interpreted, Vv=VM code, C=native code)
V  [jvm.dll+0x63c22a]
V  [jvm.dll+0x7797ef]
V  [jvm.dll+0x77adda]
V  [jvm.dll+0x77b493]
V  [jvm.dll+0x262818]
V  [jvm.dll+0x6396da]
V  [jvm.dll+0x62dfb5]
V  [jvm.dll+0x31699c]
V  [jvm.dll+0x316822]
V  [jvm.dll+0x31c096]
V  [jvm.dll+0x3684af]
V  [jvm.dll+0x367ed0]
V  [jvm.dll+0x2f38b8]
V  [jvm.dll+0x2f4a16]
V  [jvm.dll+0x752db7]
V  [jvm.dll+0x7544ff]
V  [jvm.dll+0x3752e9]
V  [jvm.dll+0x7394b9]
V  [jvm.dll+0x3e46fd]
V  [jvm.dll+0x3e69d1]
C  [java.exe+0x3603]
C  [java.exe+0x178dc]
C  [KERNEL32.dll+0x17614]
C  [ntdll.dll+0x526a1]


---------------  P R O C E S S  ---------------

Threads class SMR info:
_java_thread_list=0x000001e344274fd0, length=0, elements={
}

Java Threads: ( => current thread )

Other Threads:
  0x000001e346768000 GCTaskThread "GC Thread#0" [stack: 0x0000009920c00000,0x0000009920d00000] [id=59408]
  0x000001e346798000 ConcurrentGCThread "G1 Main Marker" [stack: 0x0000009920d00000,0x0000009920e00000] [id=62352]
  0x000001e346799800 ConcurrentGCThread "G1 Conc#0" [stack: 0x0000009920e00000,0x0000009920f00000] [id=65304]

[error occurred during error reporting (printing all threads), id 0xc0000005, EXCEPTION_ACCESS_VIOLATION (0xc0000005) at pc=0x00007ff855562137]

VM state:not at safepoint (not fully initialized)

VM Mutex/Monitor currently owned by a thread:  ([mutex/lock_event])
[0x000001e34674d400] Heap_lock - owner thread: 0x000001e346751000

Heap address: 0x0000000083800000, size: 1992 MB, Compressed Oops mode: Non-zero based: 0x0000000083800000
Narrow klass base: 0x0000000000000000, Narrow klass shift: 0

GC Heap History (0 events):
No events

Deoptimization events (0 events):
No events

Classes redefined (0 events):
No events

Internal exceptions (0 events):
No events

Events (0 events):
No events


Dynamic libraries:
0x00007ff67bc40000 - 0x00007ff67bc87000 	C:\Program Files\Java\jdk-11\bin\java.exe
0x00007ff8bc650000 - 0x00007ff8bc848000 	C:\Windows\SYSTEM32\ntdll.dll
0x00007ff8ba860000 - 0x00007ff8ba91f000 	C:\Windows\System32\KERNEL32.dll
0x00007ff8b9a40000 - 0x00007ff8b9b41000 	C:\Windows\system32\hmpalert.dll
0x00007ff8ba0f0000 - 0x00007ff8ba3c2000 	C:\Windows\System32\KERNELBASE.dll
0x00007ff8ba690000 - 0x00007ff8ba73e000 	C:\Windows\System32\ADVAPI32.dll
0x00007ff8bb950000 - 0x00007ff8bb9ee000 	C:\Windows\System32\msvcrt.dll
0x00007ff8ba920000 - 0x00007ff8ba9bc000 	C:\Windows\System32\sechost.dll
0x00007ff8bade0000 - 0x00007ff8baf05000 	C:\Windows\System32\RPCRT4.dll
0x00007ff8bc300000 - 0x00007ff8bc4a1000 	C:\Windows\System32\USER32.dll
0x00007ff8ba3d0000 - 0x00007ff8ba3f2000 	C:\Windows\System32\win32u.dll
0x00007ff8bb150000 - 0x00007ff8bb17b000 	C:\Windows\System32\GDI32.dll
0x00007ff8b9d40000 - 0x00007ff8b9e4f000 	C:\Windows\System32\gdi32full.dll
0x00007ff8ba050000 - 0x00007ff8ba0ed000 	C:\Windows\System32\msvcp_win.dll
0x00007ff8ba4e0000 - 0x00007ff8ba5e0000 	C:\Windows\System32\ucrtbase.dll
0x00007ff8a7dc0000 - 0x00007ff8a805a000 	C:\Windows\WinSxS\amd64_microsoft.windows.common-controls_6595b64144ccf1df_6.0.19041.1110_none_60b5254171f9507e\COMCTL32.dll
0x00007ff8b4960000 - 0x00007ff8b496a000 	C:\Windows\SYSTEM32\VERSION.dll
0x00007ff8baf80000 - 0x00007ff8bafb2000 	C:\Windows\System32\IMM32.DLL
0x00007ff899620000 - 0x00007ff899636000 	C:\Program Files\Java\jdk-11\bin\vcruntime140.dll
0x00007ff888ea0000 - 0x00007ff888f4a000 	C:\Program Files\Java\jdk-11\bin\msvcp140.dll
0x00007ff855260000 - 0x00007ff855da2000 	C:\Program Files\Java\jdk-11\bin\server\jvm.dll
0x00007ff8ba7f0000 - 0x00007ff8ba7f8000 	C:\Windows\System32\PSAPI.DLL
0x00007ff8b1050000 - 0x00007ff8b1059000 	C:\Windows\SYSTEM32\WSOCK32.dll
0x00007ff8baf10000 - 0x00007ff8baf7b000 	C:\Windows\System32\WS2_32.dll
0x00007ff89e390000 - 0x00007ff89e3b7000 	C:\Windows\SYSTEM32\WINMM.dll
0x00007ff8b7ab0000 - 0x00007ff8b7ac2000 	C:\Windows\SYSTEM32\kernel.appcore.dll
0x00007ff899990000 - 0x00007ff8999a1000 	C:\Program Files\Java\jdk-11\bin\verify.dll
0x00007ff8aa040000 - 0x00007ff8aa224000 	C:\Windows\SYSTEM32\DBGHELP.DLL
0x00007ff8a9b20000 - 0x00007ff8a9b55000 	C:\Windows\SYSTEM32\dbgcore.DLL
0x00007ff8ba450000 - 0x00007ff8ba4d2000 	C:\Windows\System32\bcryptPrimitives.dll
0x00007ff898560000 - 0x00007ff898589000 	C:\Program Files\Java\jdk-11\bin\java.dll
0x00007ff896a90000 - 0x00007ff896aa6000 	C:\Program Files\Java\jdk-11\bin\zip.dll
0x00007ff8a9750000 - 0x00007ff8a975a000 	C:\Program Files\Java\jdk-11\bin\jimage.dll

dbghelp: loaded successfully - version: 4.0.5 - missing functions: none
symbol engine: initialized successfully - sym options: 0x614 - pdb path: .;C:\Program Files\Java\jdk-11\bin;C:\Windows\SYSTEM32;C:\Windows\WinSxS\amd64_microsoft.windows.common-controls_6595b64144ccf1df_6.0.19041.1110_none_60b5254171f9507e;C:\Program Files\Java\jdk-11\bin\server

VM Arguments:
java_command: org.jetbrains.kotlin.cli.jvm.K2JVMCompiler @C:\Users\arikaran\Documents\React native\Remote\node_modules\react-native-pager-view\android\build\20230227_13668524582695329040.compiler.options
java_class_path (initial): C:\Users\arikaran\.gradle\caches\modules-2\files-2.1\org.jetbrains.kotlin\kotlin-compiler-embeddable\1.7.0\4d09852239f61842072b40b524882fa3caaed371\kotlin-compiler-embeddable-1.7.0.jar;C:\Users\arikaran\.gradle\caches\modules-2\files-2.1\org.jetbrains.kotlin\kotlin-reflect\1.7.0\e660b0079fdaf744dc9cc7f6f3aa3c761ec839b0\kotlin-reflect-1.7.0.jar;C:\Users\arikaran\.gradle\caches\modules-2\files-2.1\org.jetbrains.kotlin\kotlin-stdlib\1.7.0\a5f42c684ad9003160ef0d0f693ecf0ba7b13549\kotlin-stdlib-1.7.0.jar;C:\Users\arikaran\.gradle\caches\modules-2\files-2.1\org.jetbrains.kotlin\kotlin-script-runtime\1.7.0\3acea1d447587e61bc3e1b3ed6227d9e9ed4ddf1\kotlin-script-runtime-1.7.0.jar;C:\Users\arikaran\.gradle\caches\modules-2\files-2.1\org.jetbrains.kotlin\kotlin-daemon-embeddable\1.7.0\fd56798de80825c673ac93808284c5198ffa2b50\kotlin-daemon-embeddable-1.7.0.jar;C:\Users\arikaran\.gradle\caches\modules-2\files-2.1\org.jetbrains.intellij.deps\trove4j\1.0.20200330\3afb14d5f9ceb459d724e907a21145e8ff394f02\trove4j-1.0.20200330.jar;C:\Users\arikaran\.gradle\caches\modules-2\files-2.1\net.java.dev.jna\jna\5.6.0\330f2244e9030119ab3030fc3fededc86713d9cc\jna-5.6.0.jar;C:\Users\arikaran\.gradle\caches\modules-2\files-2.1\org.jetbrains.kotlin\kotlin-stdlib-common\1.7.0\51736992f422993a1e741051bdf3c12801bc1ca1\kotlin-stdlib-common-1.7.0.jar;C:\Users\arikaran\.gradle\caches\modules-2\files-2.1\org.jetbrains\annotations\13.0\919f0dfe192fb4e063e7dacadee7f8bb9a2672a9\annotations-13.0.jar
Launcher Type: SUN_STANDARD

[Global flags]
     intx CICompilerCount                          = 4                                         {product} {ergonomic}
     uint ConcGCThreads                            = 2                                         {product} {ergonomic}
     uint G1ConcRefinementThreads                  = 8                                         {product} {ergonomic}
   size_t G1HeapRegionSize                         = 1048576                                   {product} {ergonomic}
    uintx GCDrainStackTargetSize                   = 64                                        {product} {ergonomic}
   size_t InitialHeapSize                          = 132120576                                 {product} {ergonomic}
   size_t MarkStackSize                            = 4194304                                   {product} {ergonomic}
   size_t MaxHeapSize                              = 2088763392                                {product} {ergonomic}
   size_t MinHeapDeltaBytes                        = 1048576                                   {product} {ergonomic}
    uintx NonNMethodCodeHeapSize                   = 5835340                                {pd product} {ergonomic}
    uintx NonProfiledCodeHeapSize                  = 122911450                              {pd product} {ergonomic}
    uintx ProfiledCodeHeapSize                     = 122911450                              {pd product} {ergonomic}
    uintx ReservedCodeCacheSize                    = 251658240                              {pd product} {ergonomic}
     bool SegmentedCodeCache                       = true                                      {product} {ergonomic}
     bool UseCompressedClassPointers               = true                                 {lp64_product} {ergonomic}
     bool UseCompressedOops                        = true                                 {lp64_product} {ergonomic}
     bool UseG1GC                                  = true                                      {product} {ergonomic}
     bool UseLargePagesIndividualAllocation        = false                                  {pd product} {ergonomic}

Logging:
Log output configuration:
 #0: stdout all=warning uptime,level,tags
 #1: stderr all=off uptime,level,tags

Environment Variables:
JAVA_HOME=C:\Program Files\Java\jdk-11
CLASSPATH=C:\Users\arikaran\Documents\React native\Remote\android\\gradle\wrapper\gradle-wrapper.jar
PATH=C:\Users\arikaran\Documents\React native\Remote\android\node_modules\.bin;C:\Users\arikaran\Documents\React native\Remote\node_modules\.bin;C:\Users\arikaran\Documents\React native\node_modules\.bin;C:\Users\arikaran\Documents\node_modules\.bin;C:\Users\arikaran\node_modules\.bin;C:\Users\node_modules\.bin;C:\node_modules\.bin;C:\Program Files\nodejs;C:\Users\arikaran\Documents\React native\Remote\node_modules\.bin;C:\Users\arikaran\Documents\React native\Remote\node_modules\.bin;C:\Users\arikaran\Documents\React native\node_modules\.bin;C:\Users\arikaran\Documents\node_modules\.bin;C:\Users\arikaran\node_modules\.bin;C:\Users\node_modules\.bin;C:\node_modules\.bin;C:\Program Files\nodejs\node_modules\npm\node_modules\@npmcli\run-script\lib\node-gyp-bin;C:\Windows\system32;C:\Windows;C:\Windows\System32\Wbem;C:\Windows\System32\WindowsPowerShell\v1.0\;C:\Windows\System32\OpenSSH\;C:\Program Files\nodejs\;C:\Users\arikaran\AppData\Local\Android\Sdk\platform-tools;C:\Program Files\Java\jdk-11\bin;C:\Program Files\Git\cmd;C:\Users\arikaran\AppData\Local\Microsoft\WindowsApps;C:\Users\arikaran\AppData\Roaming\npm;C:\Users\arikaran\AppData\Local\Programs\Microsoft VS Code\bin;C:\Users\arikaran\AppData\Local\GitHubDesktop\bin;C:\Program Files\MongoDB\Server\6.0\bin;C:\Program Files\MongoDB\Shell\mongosh-1.7.1-win32-x64\bin;
USERNAME=arikaran
OS=Windows_NT
PROCESSOR_IDENTIFIER=Intel64 Family 6 Model 142 Stepping 12, GenuineIntel



---------------  S Y S T E M  ---------------

OS: Windows 10 , 64 bit Build 19041 (10.0.19041.2546)

CPU:total 8 (initial active 8) (4 cores per cpu, 2 threads per core) family 6 model 142 stepping 12, cmov, cx8, fxsr, mmx, sse, sse2, sse3, ssse3, sse4.1, sse4.2, popcnt, avx, avx2, aes, clmul, erms, 3dnowpref, lzcnt, ht, tsc, tscinvbit, bmi1, bmi2, adx, fma

Memory: 4k page, system-wide physical 7961M (232M free)
TotalPageFile size 19020M (AvailPageFile size 85M)
current process WorkingSet (physical memory assigned to process): 10M, peak: 10M
current process commit charge ("private bytes"): 62M, peak: 188M

vm_info: Java HotSpot(TM) 64-Bit Server VM (11+28) for windows-amd64 JRE (11+28), built on Aug 23 2018 03:03:59 by "mach5one" with MS VC++ 15.5 (VS2017)

END.
